/*C1*/CONNECT USER SA
/*C2*/CONNECT USER SA
DISCONNECT
/*C3*/CONNECT USER SA
DISCONNECT
/*C4*/CONNECT USER SA
DISCONNECT
/*C5*/CONNECT USER SA
DISCONNECT
/*C6*/CONNECT USER SA
DISCONNECT
/*C7*/CONNECT USER SA
DISCONNECT
/*C8*/CONNECT USER SA
DISCONNECT
/*C9*/CONNECT USER SA
DISCONNECT
/*C10*/CONNECT USER SA
DISCONNECT
/*C11*/CONNECT USER SA
DISCONNECT
/*C12*/CONNECT USER SA
DISCONNECT
/*C13*/CONNECT USER SA
DISCONNECT
/*C14*/CONNECT USER SA
DISCONNECT
/*C15*/CONNECT USER SA
DISCONNECT
/*C16*/CONNECT USER SA
DISCONNECT
/*C17*/CONNECT USER SA
DISCONNECT
/*C18*/CONNECT USER SA
DISCONNECT
/*C19*/CONNECT USER SA
DISCONNECT
/*C20*/CONNECT USER SA
DISCONNECT
/*C21*/CONNECT USER SA
DISCONNECT
/*C22*/CONNECT USER SA
DISCONNECT
/*C23*/CONNECT USER SA
DISCONNECT
/*C24*/CONNECT USER SA
DISCONNECT
/*C25*/CONNECT USER SA
DISCONNECT
/*C26*/CONNECT USER SA
DISCONNECT
/*C27*/CONNECT USER SA
DISCONNECT
/*C28*/CONNECT USER SA
DISCONNECT
/*C29*/CONNECT USER SA
DISCONNECT
/*C30*/CONNECT USER SA
DISCONNECT
/*C31*/CONNECT USER SA
DISCONNECT
/*C32*/CONNECT USER SA
DISCONNECT
/*C33*/CONNECT USER SA
DISCONNECT
/*C34*/CONNECT USER SA
DISCONNECT
/*C35*/CONNECT USER SA
DISCONNECT
/*C36*/CONNECT USER SA
DISCONNECT
/*C37*/CONNECT USER SA
DISCONNECT
/*C38*/CONNECT USER SA
DISCONNECT
/*C39*/CONNECT USER SA
DISCONNECT
/*C40*/CONNECT USER SA
DISCONNECT
/*C41*/CONNECT USER SA
DISCONNECT
/*C42*/CONNECT USER SA
DISCONNECT
/*C43*/CONNECT USER SA
DISCONNECT
/*C44*/CONNECT USER SA
DISCONNECT
/*C45*/CONNECT USER SA
DISCONNECT
/*C46*/CONNECT USER SA
DISCONNECT
/*C47*/CONNECT USER SA
DISCONNECT
/*C48*/CONNECT USER SA
DISCONNECT
/*C49*/CONNECT USER SA
DISCONNECT
/*C50*/CONNECT USER SA
DISCONNECT
/*C51*/CONNECT USER SA
DISCONNECT
/*C52*/CONNECT USER SA
DISCONNECT
/*C53*/CONNECT USER SA
/*C54*/CONNECT USER SA
DISCONNECT
/*C55*/CONNECT USER SA
DISCONNECT
/*C56*/CONNECT USER SA
DISCONNECT
/*C57*/CONNECT USER SA
/*C53*/DISCONNECT
/*C57*/DISCONNECT
/*C58*/CONNECT USER SA
DISCONNECT
/*C59*/CONNECT USER SA
DISCONNECT
/*C60*/CONNECT USER SA
DISCONNECT
/*C61*/CONNECT USER SA
/*C62*/CONNECT USER SA
DISCONNECT
/*C63*/CONNECT USER SA
DISCONNECT
/*C64*/CONNECT USER SA
DISCONNECT
/*C65*/CONNECT USER SA
DISCONNECT
/*C66*/CONNECT USER SA
DISCONNECT
/*C67*/CONNECT USER SA
DISCONNECT
/*C68*/CONNECT USER SA
DISCONNECT
/*C69*/CONNECT USER SA
DISCONNECT
/*C61*/DISCONNECT
/*C70*/CONNECT USER SA
DISCONNECT
/*C71*/CONNECT USER SA
DISCONNECT
/*C72*/CONNECT USER SA
DISCONNECT
/*C73*/CONNECT USER SA
DISCONNECT
/*C74*/CONNECT USER SA
DISCONNECT
/*C75*/CONNECT USER SA
DISCONNECT
/*C76*/CONNECT USER SA
DISCONNECT
/*C77*/CONNECT USER SA
DISCONNECT
/*C78*/CONNECT USER SA
DISCONNECT
/*C79*/CONNECT USER SA
DISCONNECT
/*C80*/CONNECT USER SA
DISCONNECT
/*C81*/CONNECT USER SA
DISCONNECT
/*C82*/CONNECT USER SA
DISCONNECT
/*C83*/CONNECT USER SA
DISCONNECT
/*C84*/CONNECT USER SA
DISCONNECT
/*C85*/CONNECT USER SA
DISCONNECT
/*C86*/CONNECT USER SA
DISCONNECT
/*C87*/CONNECT USER SA
DISCONNECT
/*C88*/CONNECT USER SA
DISCONNECT
/*C89*/CONNECT USER SA
DISCONNECT
/*C90*/CONNECT USER SA
DISCONNECT
/*C91*/CONNECT USER SA
DISCONNECT
/*C92*/CONNECT USER SA
DISCONNECT
/*C93*/CONNECT USER SA
DISCONNECT
/*C94*/CONNECT USER SA
DISCONNECT
/*C95*/CONNECT USER SA
DISCONNECT
/*C96*/CONNECT USER SA
DISCONNECT
/*C97*/CONNECT USER SA
DISCONNECT
/*C98*/CONNECT USER SA
DISCONNECT
/*C99*/CONNECT USER SA
DISCONNECT
/*C100*/CONNECT USER SA
DISCONNECT
/*C101*/CONNECT USER SA
DISCONNECT
/*C102*/CONNECT USER SA
DISCONNECT
/*C103*/CONNECT USER SA
ALTER SEQUENCE SAMPLE_SEQ RESTART WITH 2
INSERT INTO CONF_EVENT VALUES(1,'javapolis',2007,'antwerpen')
DISCONNECT
/*C104*/CONNECT USER SA
DISCONNECT
/*C105*/CONNECT USER SA
DISCONNECT
/*C106*/CONNECT USER SA
DISCONNECT
/*C107*/CONNECT USER SA
DISCONNECT
/*C108*/CONNECT USER SA
ALTER SEQUENCE SAMPLE_SEQ RESTART WITH 3
INSERT INTO CONF_ATTENDEE VALUES(2,'florian','adler',34,'cronos',1)
DISCONNECT
/*C109*/CONNECT USER SA
DISCONNECT
/*C110*/CONNECT USER SA
DISCONNECT
/*C111*/CONNECT USER SA
DISCONNECT
/*C112*/CONNECT USER SA
DELETE FROM CONF_EVENT WHERE ID=1
INSERT INTO CONF_EVENT VALUES(1,'javapolis',2007,'antwerpen zuid')
DISCONNECT
/*C113*/CONNECT USER SA
DISCONNECT
/*C114*/CONNECT USER SA
DISCONNECT
/*C115*/CONNECT USER SA
ALTER SEQUENCE SAMPLE_SEQ RESTART WITH 4
INSERT INTO CONF_PRESENTATION VALUES(3,'hibernate','hibernate in action','6',NULL,NULL,1)
DISCONNECT
/*C116*/CONNECT USER SA
DISCONNECT
/*C117*/CONNECT USER SA
ALTER SEQUENCE SAMPLE_SEQ RESTART WITH 5
INSERT INTO CONF_ATTENDEE_COMMENT VALUES(4,2,3,'really cool')
DISCONNECT
/*C118*/CONNECT USER SA
DISCONNECT
/*C119*/CONNECT USER SA
DISCONNECT
/*C120*/CONNECT USER SA
DISCONNECT
/*C121*/CONNECT USER SA
ALTER SEQUENCE SAMPLE_SEQ RESTART WITH 6
INSERT INTO CONF_ATTENDEE VALUES(5,'goemans','geert',24,'faros',1)
DISCONNECT
/*C122*/CONNECT USER SA
DISCONNECT
/*C123*/CONNECT USER SA
DISCONNECT
/*C124*/CONNECT USER SA
DISCONNECT
/*C125*/CONNECT USER SA
DISCONNECT
/*C126*/CONNECT USER SA
DELETE FROM CONF_PRESENTATION WHERE ID=3
INSERT INTO CONF_PRESENTATION VALUES(3,'Hibernate','hibernate in action','6',NULL,NULL,1)
DISCONNECT
/*C127*/CONNECT USER SA
DISCONNECT
/*C128*/CONNECT USER SA
ALTER SEQUENCE SAMPLE_SEQ RESTART WITH 7
/*C129*/CONNECT USER SA
DISCONNECT
/*C128*/DISCONNECT
/*C130*/CONNECT USER SA
ALTER SEQUENCE SAMPLE_SEQ RESTART WITH 8
INSERT INTO CONF_ATTENDEE_COMMENT VALUES(7,5,3,'really cool too')
DISCONNECT
/*C131*/CONNECT USER SA
DISCONNECT
/*C132*/CONNECT USER SA
\u000aCREATE TABLE CONF_SPEAKER (\u000aID INTEGER GENERATED BY DEFAULT AS IDENTITY(START WITH 0)  NOT NULL PRIMARY KEY,\u000aNAME VARCHAR(255) NOT NULL,\u000aLASTNAME VARCHAR(255) NOT NULL,\u000aSPEECH_DURATION INTEGER,\u000aAMOUNT_PAYED INTEGER,\u000aEVENT_ID INTEGER NOT NULL,\u000aCONSTRAINT FK_SPEAKER_EVENT FOREIGN KEY(EVENT_ID) REFERENCES CONF_EVENT(ID)\u000a)
/*C133*/CONNECT USER SA
DISCONNECT
/*C134*/CONNECT USER SA
DISCONNECT
/*C135*/CONNECT USER SA
DISCONNECT
/*C136*/CONNECT USER SA
DISCONNECT
/*C137*/CONNECT USER SA
DISCONNECT
/*C138*/CONNECT USER SA
DISCONNECT
/*C139*/CONNECT USER SA
DISCONNECT
/*C140*/CONNECT USER SA
ALTER SEQUENCE SAMPLE_SEQ RESTART WITH 9
INSERT INTO CONF_SPEAKER VALUES(8,'me','me',23,200,1)
DISCONNECT
/*C141*/CONNECT USER SA
DISCONNECT
/*C142*/CONNECT USER SA
DISCONNECT
/*C143*/CONNECT USER SA
DISCONNECT
/*C144*/CONNECT USER SA
ALTER SEQUENCE SAMPLE_SEQ RESTART WITH 10
INSERT INTO CONF_SPEAKER VALUES(9,'ben','martin',120,200,1)
DISCONNECT
/*C145*/CONNECT USER SA
DISCONNECT
/*C146*/CONNECT USER SA
DISCONNECT
/*C132*/\u000aCREATE TABLE CONF_SPEAKER2 (\u000aID INTEGER GENERATED BY DEFAULT AS IDENTITY(START WITH 0)  NOT NULL PRIMARY KEY,\u000aNAME VARCHAR(255) NOT NULL,\u000aLASTNAME VARCHAR(255) NOT NULL,\u000aSPEECH_DURATION INTEGER,\u000aAMOUNT_PAYED INTEGER,\u000aEVENT_ID INTEGER NOT NULL,\u000aCONSTRAINT FK_SPEAKER2_EVENT FOREIGN KEY(EVENT_ID) REFERENCES CONF_EVENT(ID)\u000a)
/*C147*/CONNECT USER SA
DISCONNECT
/*C148*/CONNECT USER SA
DISCONNECT
/*C149*/CONNECT USER SA
DISCONNECT
/*C150*/CONNECT USER SA
ALTER SEQUENCE SAMPLE_SEQ RESTART WITH 11
INSERT INTO CONF_SPEAKER2 VALUES(10,'you','you',NULL,NULL,1)
DISCONNECT
/*C151*/CONNECT USER SA
DISCONNECT
/*C152*/CONNECT USER SA
DISCONNECT
/*C153*/CONNECT USER SA
DISCONNECT
/*C154*/CONNECT USER SA
DISCONNECT
/*C155*/CONNECT USER SA
DELETE FROM CONF_SPEAKER2 WHERE ID=10
INSERT INTO CONF_SPEAKER2 VALUES(10,'you','you',200,NULL,1)
DISCONNECT
/*C156*/CONNECT USER SA
DISCONNECT
/*C157*/CONNECT USER SA
DISCONNECT
/*C158*/CONNECT USER SA
DISCONNECT
/*C159*/CONNECT USER SA
DISCONNECT
/*C160*/CONNECT USER SA
DISCONNECT
/*C161*/CONNECT USER SA
DISCONNECT
/*C162*/CONNECT USER SA
DISCONNECT
/*C163*/CONNECT USER SA
/*C164*/CONNECT USER SA
DISCONNECT
/*C163*/DISCONNECT
/*C165*/CONNECT USER SA
DISCONNECT
/*C166*/CONNECT USER SA
DISCONNECT
/*C167*/CONNECT USER SA
DISCONNECT
/*C168*/CONNECT USER SA
DISCONNECT
/*C169*/CONNECT USER SA
DISCONNECT
/*C170*/CONNECT USER SA
DISCONNECT
/*C171*/CONNECT USER SA
DISCONNECT
/*C172*/CONNECT USER SA
DISCONNECT
/*C173*/CONNECT USER SA
DISCONNECT
/*C174*/CONNECT USER SA
DISCONNECT
/*C175*/CONNECT USER SA
DISCONNECT
/*C176*/CONNECT USER SA
DISCONNECT
/*C177*/CONNECT USER SA
ALTER SEQUENCE SAMPLE_SEQ RESTART WITH 12
/*C178*/CONNECT USER SA
DISCONNECT
/*C177*/DISCONNECT
/*C179*/CONNECT USER SA
DISCONNECT
/*C180*/CONNECT USER SA
DISCONNECT
/*C181*/CONNECT USER SA
DISCONNECT
/*C182*/CONNECT USER SA
DISCONNECT
/*C183*/CONNECT USER SA
DISCONNECT
/*C184*/CONNECT USER SA
DISCONNECT
/*C185*/CONNECT USER SA
DISCONNECT
/*C186*/CONNECT USER SA
ALTER SEQUENCE SAMPLE_SEQ RESTART WITH 13
DISCONNECT
/*C187*/CONNECT USER SA
ALTER SEQUENCE SAMPLE_SEQ RESTART WITH 14
DISCONNECT
/*C188*/CONNECT USER SA
ALTER SEQUENCE SAMPLE_SEQ RESTART WITH 15
DISCONNECT
/*C189*/CONNECT USER SA
ALTER SEQUENCE SAMPLE_SEQ RESTART WITH 16
/*C190*/CONNECT USER SA
DISCONNECT
/*C189*/DISCONNECT
/*C191*/CONNECT USER SA
ALTER SEQUENCE SAMPLE_SEQ RESTART WITH 17
DISCONNECT
/*C192*/CONNECT USER SA
ALTER SEQUENCE SAMPLE_SEQ RESTART WITH 18
DISCONNECT
/*C193*/CONNECT USER SA
ALTER SEQUENCE SAMPLE_SEQ RESTART WITH 19
DISCONNECT
/*C194*/CONNECT USER SA
ALTER SEQUENCE SAMPLE_SEQ RESTART WITH 20
DISCONNECT
/*C195*/CONNECT USER SA
ALTER SEQUENCE SAMPLE_SEQ RESTART WITH 21
DISCONNECT
/*C196*/CONNECT USER SA
ALTER SEQUENCE SAMPLE_SEQ RESTART WITH 22
DISCONNECT
/*C197*/CONNECT USER SA
ALTER SEQUENCE SAMPLE_SEQ RESTART WITH 23
DISCONNECT
/*C198*/CONNECT USER SA
ALTER SEQUENCE SAMPLE_SEQ RESTART WITH 24
DISCONNECT
/*C199*/CONNECT USER SA
ALTER SEQUENCE SAMPLE_SEQ RESTART WITH 25
DISCONNECT
/*C200*/CONNECT USER SA
ALTER SEQUENCE SAMPLE_SEQ RESTART WITH 26
DISCONNECT
/*C201*/CONNECT USER SA
ALTER SEQUENCE SAMPLE_SEQ RESTART WITH 27
DISCONNECT
/*C202*/CONNECT USER SA
DISCONNECT
/*C203*/CONNECT USER SA
DISCONNECT
/*C204*/CONNECT USER SA
DISCONNECT
/*C205*/CONNECT USER SA
DISCONNECT
